<?xml version='1.0' encoding='UTF-8'?>
<testsuite hostname="Hanness-MacBook-Pro.local" name="lintilla.ExecTests" tests="47" errors="0" failures="0" skipped="0" time="0.241" timestamp="2019-11-05T17:30:36">
                     <properties>
      <property name="jline.esc.timeout" value="0"/><property name="jna.platform.library.path" value="/usr/lib:/usr/lib"/><property name="java.runtime.name" value="Java(TM) SE Runtime Environment"/><property name="sun.boot.library.path" value="/Library/Java/JavaVirtualMachines/jdk1.8.0_221.jdk/Contents/Home/jre/lib"/><property name="java.vm.version" value="25.221-b11"/><property name="gopherProxySet" value="false"/><property name="java.vm.vendor" value="Oracle Corporation"/><property name="java.vendor.url" value="http://java.oracle.com/"/><property name="path.separator" value=":"/><property name="jna.loaded" value="true"/><property name="java.vm.name" value="Java HotSpot(TM) 64-Bit Server VM"/><property name="file.encoding.pkg" value="sun.io"/><property name="user.country" value="AU"/><property name="sun.java.launcher" value="SUN_STANDARD"/><property name="sun.os.patch.level" value="unknown"/><property name="jna.nosys" value="true"/><property name="java.vm.specification.name" value="Java Virtual Machine Specification"/><property name="user.dir" value="/Users/hannesventer/OneDrive - Macquarie University/Uni Work/2019 S2/COMP332/Assignment 3/comp332_a3"/><property name="java.runtime.version" value="1.8.0_221-b11"/><property name="java.awt.graphicsenv" value="sun.awt.CGraphicsEnvironment"/><property name="java.endorsed.dirs" value="/Library/Java/JavaVirtualMachines/jdk1.8.0_221.jdk/Contents/Home/jre/lib/endorsed"/><property name="os.arch" value="x86_64"/><property name="java.io.tmpdir" value="/var/folders/n6/bw0dprg55d72cp734tytc5680000gn/T/"/><property name="line.separator" value="
"/><property name="java.vm.specification.vendor" value="Oracle Corporation"/><property name="os.name" value="Mac OS X"/><property name="sun.jnu.encoding" value="UTF-8"/><property name="jnidispatch.path" value="/var/folders/n6/bw0dprg55d72cp734tytc5680000gn/T/jna--970233399/jna7482074025982618334.tmp"/><property name="java.library.path" value="/Users/hannesventer/Library/Java/Extensions:/Library/Java/Extensions:/Network/Library/Java/Extensions:/System/Library/Java/Extensions:/usr/lib/java:."/><property name="java.specification.name" value="Java Platform API Specification"/><property name="java.class.version" value="52.0"/><property name="sun.management.compiler" value="HotSpot 64-Bit Tiered Compilers"/><property name="os.version" value="10.15.1"/><property name="http.nonProxyHosts" value="local|*.local|169.254/16|*.169.254/16"/><property name="user.home" value="/Users/hannesventer"/><property name="user.timezone" value="Australia/Sydney"/><property name="java.awt.printerjob" value="sun.lwawt.macosx.CPrinterJob"/><property name="file.encoding" value="UTF-8"/><property name="java.specification.version" value="1.8"/><property name="java.class.path" value="/usr/local/Cellar/sbt/1.3.2/libexec/bin/sbt-launch.jar"/><property name="user.name" value="hannesventer"/><property name="jline.shutdownhook" value="false"/><property name="java.vm.specification.version" value="1.8"/><property name="sun.java.command" value="/usr/local/Cellar/sbt/1.3.2/libexec/bin/sbt-launch.jar"/><property name="java.home" value="/Library/Java/JavaVirtualMachines/jdk1.8.0_221.jdk/Contents/Home/jre"/><property name="sun.arch.data.model" value="64"/><property name="user.language" value="en"/><property name="java.specification.vendor" value="Oracle Corporation"/><property name="awt.toolkit" value="sun.lwawt.macosx.LWCToolkit"/><property name="java.vm.info" value="mixed mode"/><property name="java.version" value="1.8.0_221"/><property name="java.ext.dirs" value="/Users/hannesventer/Library/Java/Extensions:/Library/Java/JavaVirtualMachines/jdk1.8.0_221.jdk/Contents/Home/jre/lib/ext:/Library/Java/Extensions:/Network/Library/Java/Extensions:/System/Library/Java/Extensions:/usr/lib/java"/><property name="sun.boot.class.path" value="/Library/Java/JavaVirtualMachines/jdk1.8.0_221.jdk/Contents/Home/jre/lib/resources.jar:/Library/Java/JavaVirtualMachines/jdk1.8.0_221.jdk/Contents/Home/jre/lib/rt.jar:/Library/Java/JavaVirtualMachines/jdk1.8.0_221.jdk/Contents/Home/jre/lib/sunrsasign.jar:/Library/Java/JavaVirtualMachines/jdk1.8.0_221.jdk/Contents/Home/jre/lib/jsse.jar:/Library/Java/JavaVirtualMachines/jdk1.8.0_221.jdk/Contents/Home/jre/lib/jce.jar:/Library/Java/JavaVirtualMachines/jdk1.8.0_221.jdk/Contents/Home/jre/lib/charsets.jar:/Library/Java/JavaVirtualMachines/jdk1.8.0_221.jdk/Contents/Home/jre/lib/jfr.jar:/Library/Java/JavaVirtualMachines/jdk1.8.0_221.jdk/Contents/Home/jre/classes"/><property name="java.vendor" value="Oracle Corporation"/><property name="file.separator" value="/"/><property name="java.vendor.url.bug" value="http://bugreport.sun.com/bugreport/"/><property name="sun.io.unicode.encoding" value="UnicodeBig"/><property name="sun.cpu.endian" value="little"/><property name="socksNonProxyHosts" value="local|*.local|169.254/16|*.169.254/16"/><property name="ftp.nonProxyHosts" value="local|*.local|169.254/16|*.169.254/16"/><property name="sun.cpu.isalist" value=""/>
    </properties>
                     <testcase classname="lintilla.ExecTests" name="printing a constant integer gives the right output" time="0.027">
                                                 
                                               </testcase><testcase classname="lintilla.ExecTests" name="print constant integer gives the right translation" time="0.001">
                                                 
                                               </testcase><testcase classname="lintilla.ExecTests" name="printing a constant boolean gives the right output" time="0.002">
                                                 
                                               </testcase><testcase classname="lintilla.ExecTests" name="print constant boolean gives the right translation" time="0.001">
                                                 
                                               </testcase><testcase classname="lintilla.ExecTests" name="print simple addition expression" time="0.003">
                                                 
                                               </testcase><testcase classname="lintilla.ExecTests" name="print simple addition expression gives the right translation" time="0.001">
                                                 
                                               </testcase><testcase classname="lintilla.ExecTests" name="print simple multiplication expression" time="0.002">
                                                 
                                               </testcase><testcase classname="lintilla.ExecTests" name="print simple multiplication expression gives the right translation" time="0.001">
                                                 
                                               </testcase><testcase classname="lintilla.ExecTests" name="print simple subtraction expression" time="0.003">
                                                 
                                               </testcase><testcase classname="lintilla.ExecTests" name="print simple subtraction expression gives the right translation" time="0.001">
                                                 
                                               </testcase><testcase classname="lintilla.ExecTests" name="print simple division expression" time="0.002">
                                                 
                                               </testcase><testcase classname="lintilla.ExecTests" name="print simple division expression gives the right translation" time="0.001">
                                                 
                                               </testcase><testcase classname="lintilla.ExecTests" name="print simple negation expression" time="0.002">
                                                 
                                               </testcase><testcase classname="lintilla.ExecTests" name="print simple negation expression gives the right translation" time="0.001">
                                                 
                                               </testcase><testcase classname="lintilla.ExecTests" name="print simple equality expression" time="0.002">
                                                 
                                               </testcase><testcase classname="lintilla.ExecTests" name="print simple equality expression gives the right translation" time="0.001">
                                                 
                                               </testcase><testcase classname="lintilla.ExecTests" name="print simple less expression" time="0.002">
                                                 
                                               </testcase><testcase classname="lintilla.ExecTests" name="print simple less expression gives the right translation" time="0.001">
                                                 
                                               </testcase><testcase classname="lintilla.ExecTests" name="print more complex expression" time="0.003">
                                                 
                                               </testcase><testcase classname="lintilla.ExecTests" name="print more complex expression gives the right translation" time="0.001">
                                                 
                                               </testcase><testcase classname="lintilla.ExecTests" name="print more complex relational expression" time="0.004">
                                                 
                                               </testcase><testcase classname="lintilla.ExecTests" name="print more complex relational expression gives right translation" time="0.001">
                                                 
                                               </testcase><testcase classname="lintilla.ExecTests" name="block translates correctly" time="0.003">
                                                 
                                               </testcase><testcase classname="lintilla.ExecTests" name="nested block translates correctly" time="0.004">
                                                 
                                               </testcase><testcase classname="lintilla.ExecTests" name="let binding gives right translation" time="0.003">
                                                 
                                               </testcase><testcase classname="lintilla.ExecTests" name="let binding body extends to end of block only" time="0.004">
                                                 
                                               </testcase><testcase classname="lintilla.ExecTests" name="let binds variable in rest of block" time="0.005">
                                                 
                                               </testcase><testcase classname="lintilla.ExecTests" name="let binding in block correctly shadows outer binding" time="0.004">
                                                 
                                               </testcase><testcase classname="lintilla.ExecTests" name="simple `if` expression gives right translation" time="0.003">
                                                 
                                               </testcase><testcase classname="lintilla.ExecTests" name="simple `if` expression evaluation (condition true)" time="0.003">
                                                 
                                               </testcase><testcase classname="lintilla.ExecTests" name="simple `if` expression evaluation (condition false)" time="0.002">
                                                 
                                               </testcase><testcase classname="lintilla.ExecTests" name="`let` binding correctly scoped in then block" time="0.005">
                                                 
                                               </testcase><testcase classname="lintilla.ExecTests" name="`let` binding correctly scoped in else block" time="0.005">
                                                 
                                               </testcase><testcase classname="lintilla.ExecTests" name="`fn` binding gives correct translation" time="0.003">
                                                 
                                               </testcase><testcase classname="lintilla.ExecTests" name="`fn` binding extends to end of block only" time="0.003">
                                                 
                                               </testcase><testcase classname="lintilla.ExecTests" name="`fn` binding extends to end of block execution" time="0.004">
                                                 
                                               </testcase><testcase classname="lintilla.ExecTests" name="`fn` body with `let` binding translates correctly" time="0.004">
                                                 
                                               </testcase><testcase classname="lintilla.ExecTests" name="simple function application translation" time="0.003">
                                                 
                                               </testcase><testcase classname="lintilla.ExecTests" name="simple function application execution" time="0.001">
                                                 
                                               </testcase><testcase classname="lintilla.ExecTests" name="call a parameterless function" time="0.002">
                                                 
                                               </testcase><testcase classname="lintilla.ExecTests" name="call a three parameter function" time="0.003">
                                                 
                                               </testcase><testcase classname="lintilla.ExecTests" name="curried function call" time="0.005">
                                                 
                                               </testcase><testcase classname="lintilla.ExecTests" name="factorial example" time="0.015">
                                                 
                                               </testcase><testcase classname="lintilla.ExecTests" name="fibonacci example" time="0.013">
                                                 
                                               </testcase><testcase classname="lintilla.ExecTests" name="higher order example" time="0.025">
                                                 
                                               </testcase><testcase classname="lintilla.ExecTests" name="while loop example" time="0.014">
                                                 
                                               </testcase><testcase classname="lintilla.ExecTests" name="snippets example" time="0.042">
                                                 
                                               </testcase>
                     <system-out><![CDATA[]]></system-out>
                     <system-err><![CDATA[]]></system-err>
                   </testsuite>